EDA Netlist Writer report for LED_ON
Sun May 30 22:55:37 2021
Quartus Prime Version 18.1.0 Build 625 09/12/2018 SJ Lite Edition


---------------------
; Table of Contents ;
---------------------
  1. Legal Notice
  2. EDA Netlist Writer Summary
  3. Simulation Settings
  4. Simulation Generated Files
  5. Board-Level Settings
  6. Board-Level Generated Files
  7. EDA Netlist Writer Messages



----------------
; Legal Notice ;
----------------
Copyright (C) 2018  Intel Corporation. All rights reserved.
Your use of Intel Corporation's design tools, logic functions 
and other software and tools, and its AMPP partner logic 
functions, and any output files from any of the foregoing 
(including device programming or simulation files), and any 
associated documentation or information are expressly subject 
to the terms and conditions of the Intel Program License 
Subscription Agreement, the Intel Quartus Prime License Agreement,
the Intel FPGA IP License Agreement, or other applicable license
agreement, including, without limitation, that your use is for
the sole purpose of programming logic devices manufactured by
Intel and sold by Intel or its authorized distributors.  Please
refer to the applicable agreement for further details.



+-------------------------------------------------------------------------------+
; EDA Netlist Writer Summary                                                    ;
+---------------------------------------+---------------------------------------+
; EDA Netlist Writer Status             ; Successful - Sun May 30 22:55:37 2021 ;
; Revision Name                         ; LED_ON                                ;
; Top-level Entity Name                 ; LED_ON                                ;
; Family                                ; MAX 10                                ;
; Simulation Files Creation             ; Successful                            ;
; Board Signal Integrity Files Creation ; Successful                            ;
; Board Timing Analysis Files Creation  ; Successful                            ;
+---------------------------------------+---------------------------------------+


+----------------------------------------------------------------------------------------------------------------------------+
; Simulation Settings                                                                                                        ;
+---------------------------------------------------------------------------------------------------+------------------------+
; Option                                                                                            ; Setting                ;
+---------------------------------------------------------------------------------------------------+------------------------+
; Tool Name                                                                                         ; ModelSim-Altera (VHDL) ;
; Generate functional simulation netlist                                                            ; Off                    ;
; Time scale                                                                                        ; 1 ps                   ;
; Truncate long hierarchy paths                                                                     ; Off                    ;
; Map illegal HDL characters                                                                        ; On                     ;
; Flatten buses into individual nodes                                                               ; Off                    ;
; Maintain hierarchy                                                                                ; Off                    ;
; Bring out device-wide set/reset signals as ports                                                  ; Off                    ;
; Enable glitch filtering                                                                           ; On                     ;
; Do not write top level VHDL entity                                                                ; Off                    ;
; Disable detection of setup and hold time violations in the input registers of bi-directional pins ; Off                    ;
; Architecture name in VHDL output netlist                                                          ; structural             ;
; Generate third-party EDA tool command script for RTL functional simulation                        ; Off                    ;
; Generate third-party EDA tool command script for gate-level simulation                            ; Off                    ;
+---------------------------------------------------------------------------------------------------+------------------------+


+------------------------------------------------------+
; Simulation Generated Files                           ;
+------------------------------------------------------+
; Generated Files                                      ;
+------------------------------------------------------+
; Z:/VHDL/projet/LED ON/simulation/modelsim/LED_ON.vho ;
+------------------------------------------------------+


+-----------------------------------------+
; Board-Level Settings                    ;
+-------------------------------+---------+
; Option                        ; Setting ;
+-------------------------------+---------+
; Board Signal Integrity Format ; IBIS    ;
; Board Timing Analysis Format  ; STAMP   ;
+-------------------------------+---------+


+-----------------------------------------------------------------------------------------------------------------+
; Board-Level Generated Files                                                                                     ;
+-----------------------------------------------------------------------------------------------------------------+
; Generated Files                                                                                                 ;
+-----------------------------------------------------------------------------------------------------------------+
; Board Signal Integrity                                                                                          ;
;     Z:/VHDL/projet/LED ON/board/ibis/LED_ON.ibs                                                                 ;
; Board Timing Analysis                                                                                           ;
;     Z:/VHDL/projet/LED ON/timing/stamp/Z:/VHDL/projet/LED ON/timing/stamp//LED_ON_7_1200mv_85c_board_slow.mod   ;
;     Z:/VHDL/projet/LED ON/timing/stamp/Z:/VHDL/projet/LED ON/timing/stamp//LED_ON_7_1200mv_85c_board_slow.data  ;
;     Z:/VHDL/projet/LED ON/timing/stamp/Z:/VHDL/projet/LED ON/timing/stamp//LED_ON_7_1200mv_0c_board_slow.mod    ;
;     Z:/VHDL/projet/LED ON/timing/stamp/Z:/VHDL/projet/LED ON/timing/stamp//LED_ON_7_1200mv_0c_board_slow.data   ;
;     Z:/VHDL/projet/LED ON/timing/stamp/Z:/VHDL/projet/LED ON/timing/stamp//LED_ON_min_1200mv_0c_board_fast.mod  ;
;     Z:/VHDL/projet/LED ON/timing/stamp/Z:/VHDL/projet/LED ON/timing/stamp//LED_ON_min_1200mv_0c_board_fast.data ;
;     Z:/VHDL/projet/LED ON/timing/stamp/Z:/VHDL/projet/LED ON/timing/stamp//LED_ON_board.mod                     ;
;     Z:/VHDL/projet/LED ON/timing/stamp/Z:/VHDL/projet/LED ON/timing/stamp//LED_ON_board.data                    ;
+-----------------------------------------------------------------------------------------------------------------+


+-----------------------------+
; EDA Netlist Writer Messages ;
+-----------------------------+
Info: *******************************************************************
Info: Running Quartus Prime EDA Netlist Writer
    Info: Version 18.1.0 Build 625 09/12/2018 SJ Lite Edition
    Info: Processing started: Sun May 30 22:55:30 2021
Info: Command: quartus_eda --read_settings_files=off --write_settings_files=off LED_ON -c LED_ON
Warning (10905): Generated the EDA functional simulation netlist because it is the only supported netlist type for this device.
Info (204019): Generated file LED_ON.vho in folder "Z:/VHDL/projet/LED ON/simulation/modelsim/" for EDA simulation tool
Info (199047): Generated files "Z:/VHDL/projet/LED ON/timing/stamp//LED_ON_7_1200mv_85c_board_slow.mod" and "Z:/VHDL/projet/LED ON/timing/stamp//LED_ON_7_1200mv_85c_board_slow.data"
Info (199047): Generated files "Z:/VHDL/projet/LED ON/timing/stamp//LED_ON_7_1200mv_0c_board_slow.mod" and "Z:/VHDL/projet/LED ON/timing/stamp//LED_ON_7_1200mv_0c_board_slow.data"
Info (199047): Generated files "Z:/VHDL/projet/LED ON/timing/stamp//LED_ON_min_1200mv_0c_board_fast.mod" and "Z:/VHDL/projet/LED ON/timing/stamp//LED_ON_min_1200mv_0c_board_fast.data"
Info (199047): Generated files "Z:/VHDL/projet/LED ON/timing/stamp//LED_ON_board.mod" and "Z:/VHDL/projet/LED ON/timing/stamp//LED_ON_board.data"
Warning (199059): Can't generate files for ViewDraw EDA tool -- device family not supported in ViewDraw Flow
Info (199050): Generated IBIS Output File Z:/VHDL/projet/LED ON/board/ibis/LED_ON.ibs for board level analysis
Info: Quartus Prime EDA Netlist Writer was successful. 0 errors, 2 warnings
    Info: Peak virtual memory: 588 megabytes
    Info: Processing ended: Sun May 30 22:55:37 2021
    Info: Elapsed time: 00:00:07
    Info: Total CPU time (on all processors): 00:00:07


