Flow report for LED_ON
Sun May 30 22:55:37 2021
Quartus Prime Version 18.1.0 Build 625 09/12/2018 SJ Lite Edition


---------------------
; Table of Contents ;
---------------------
  1. Legal Notice
  2. Flow Summary
  3. Flow Settings
  4. Flow Non-Default Global Settings
  5. Flow Elapsed Time
  6. Flow OS Summary
  7. Flow Log
  8. Flow Messages
  9. Flow Suppressed Messages



----------------
; Legal Notice ;
----------------
Copyright (C) 2018  Intel Corporation. All rights reserved.
Your use of Intel Corporation's design tools, logic functions 
and other software and tools, and its AMPP partner logic 
functions, and any output files from any of the foregoing 
(including device programming or simulation files), and any 
associated documentation or information are expressly subject 
to the terms and conditions of the Intel Program License 
Subscription Agreement, the Intel Quartus Prime License Agreement,
the Intel FPGA IP License Agreement, or other applicable license
agreement, including, without limitation, that your use is for
the sole purpose of programming logic devices manufactured by
Intel and sold by Intel or its authorized distributors.  Please
refer to the applicable agreement for further details.



+----------------------------------------------------------------------------------+
; Flow Summary                                                                     ;
+------------------------------------+---------------------------------------------+
; Flow Status                        ; Successful - Sun May 30 22:55:37 2021       ;
; Quartus Prime Version              ; 18.1.0 Build 625 09/12/2018 SJ Lite Edition ;
; Revision Name                      ; LED_ON                                      ;
; Top-level Entity Name              ; LED_ON                                      ;
; Family                             ; MAX 10                                      ;
; Device                             ; 10M50DAF484C7G                              ;
; Timing Models                      ; Final                                       ;
; Total logic elements               ; 6,295 / 49,760 ( 13 % )                     ;
;     Total combinational functions  ; 6,260 / 49,760 ( 13 % )                     ;
;     Dedicated logic registers      ; 362 / 49,760 ( < 1 % )                      ;
; Total registers                    ; 362                                         ;
; Total pins                         ; 93 / 360 ( 26 % )                           ;
; Total virtual pins                 ; 0                                           ;
; Total memory bits                  ; 0 / 1,677,312 ( 0 % )                       ;
; Embedded Multiplier 9-bit elements ; 22 / 288 ( 8 % )                            ;
; Total PLLs                         ; 1 / 4 ( 25 % )                              ;
; UFM blocks                         ; 0 / 1 ( 0 % )                               ;
; ADC blocks                         ; 1 / 2 ( 50 % )                              ;
+------------------------------------+---------------------------------------------+


+-----------------------------------------+
; Flow Settings                           ;
+-------------------+---------------------+
; Option            ; Setting             ;
+-------------------+---------------------+
; Start date & time ; 05/30/2021 22:52:41 ;
; Main task         ; Compilation         ;
; Revision Name     ; LED_ON              ;
+-------------------+---------------------+


+------------------------------------------------------------------------------------------------------------------------------------------------------------+
; Flow Non-Default Global Settings                                                                                                                           ;
+----------------------------------------+-------------------------------------------------+---------------+-------------+-----------------------------------+
; Assignment Name                        ; Value                                           ; Default Value ; Entity Name ; Section Id                        ;
+----------------------------------------+-------------------------------------------------+---------------+-------------+-----------------------------------+
; COMPILER_SIGNATURE_ID                  ; 52234776526.162240796103752                     ; --            ; --          ; --                                ;
; EDA_BOARD_DESIGN_SIGNAL_INTEGRITY_TOOL ; IBIS (Signal Integrity)                         ; <None>        ; --          ; --                                ;
; EDA_BOARD_DESIGN_SYMBOL_TOOL           ; ViewDraw (Symbol)                               ; <None>        ; --          ; --                                ;
; EDA_BOARD_DESIGN_TIMING_TOOL           ; Stamp (Timing)                                  ; <None>        ; --          ; --                                ;
; EDA_DESIGN_INSTANCE_NAME               ; NA                                              ; --            ; --          ; clockM                            ;
; EDA_ENABLE_GLITCH_FILTERING            ; On                                              ; --            ; --          ; eda_simulation                    ;
; EDA_MAP_ILLEGAL_CHARACTERS             ; On                                              ; --            ; --          ; eda_simulation                    ;
; EDA_NATIVELINK_SIMULATION_TEST_BENCH   ; clockM                                          ; --            ; --          ; eda_simulation                    ;
; EDA_OUTPUT_DATA_FORMAT                 ; Stamp                                           ; --            ; --          ; eda_board_design_timing           ;
; EDA_OUTPUT_DATA_FORMAT                 ; Vhdl                                            ; --            ; --          ; eda_simulation                    ;
; EDA_OUTPUT_DATA_FORMAT                 ; Ibis                                            ; --            ; --          ; eda_board_design_signal_integrity ;
; EDA_OUTPUT_DATA_FORMAT                 ; Viewdraw                                        ; --            ; --          ; eda_board_design_symbol           ;
; EDA_RUN_TOOL_AUTOMATICALLY             ; Off                                             ; --            ; --          ; eda_simulation                    ;
; EDA_SIMULATION_RUN_SCRIPT              ; simulation/modelsim/LED_ON_run_msim_rtl_vhdl.do ; --            ; --          ; eda_simulation                    ;
; EDA_SIMULATION_TOOL                    ; ModelSim-Altera (VHDL)                          ; <None>        ; --          ; --                                ;
; EDA_TEST_BENCH_ENABLE_STATUS           ; TEST_BENCH_MODE                                 ; --            ; --          ; eda_simulation                    ;
; EDA_TEST_BENCH_FILE                    ; clock.vhd                                       ; --            ; --          ; clockM                            ;
; EDA_TEST_BENCH_MODULE_NAME             ; clockM                                          ; --            ; --          ; clockM                            ;
; EDA_TEST_BENCH_NAME                    ; clockM                                          ; --            ; --          ; eda_simulation                    ;
; EDA_TIME_SCALE                         ; 1 ps                                            ; --            ; --          ; eda_simulation                    ;
; EDA_VHDL_ARCH_NAME                     ; structural                                      ; --            ; --          ; eda_simulation                    ;
; MAX_CORE_JUNCTION_TEMP                 ; 85                                              ; --            ; --          ; --                                ;
; MIN_CORE_JUNCTION_TEMP                 ; 0                                               ; --            ; --          ; --                                ;
; NUM_PARALLEL_PROCESSORS                ; All                                             ; --            ; --          ; --                                ;
; PARTITION_COLOR                        ; -- (Not supported for targeted family)          ; --            ; --          ; Top                               ;
; PARTITION_FITTER_PRESERVATION_LEVEL    ; -- (Not supported for targeted family)          ; --            ; --          ; Top                               ;
; PARTITION_NETLIST_TYPE                 ; -- (Not supported for targeted family)          ; --            ; --          ; Top                               ;
; POWER_BOARD_THERMAL_MODEL              ; None (CONSERVATIVE)                             ; --            ; --          ; --                                ;
; POWER_PRESET_COOLING_SOLUTION          ; 23 MM HEAT SINK WITH 200 LFPM AIRFLOW           ; --            ; --          ; --                                ;
; PROJECT_OUTPUT_DIRECTORY               ; output_files                                    ; --            ; --          ; --                                ;
+----------------------------------------+-------------------------------------------------+---------------+-------------+-----------------------------------+


+--------------------------------------------------------------------------------------------------------------------------+
; Flow Elapsed Time                                                                                                        ;
+----------------------+--------------+-------------------------+---------------------+------------------------------------+
; Module Name          ; Elapsed Time ; Average Processors Used ; Peak Virtual Memory ; Total CPU Time (on all processors) ;
+----------------------+--------------+-------------------------+---------------------+------------------------------------+
; Analysis & Synthesis ; 00:01:35     ; 1.0                     ; 816 MB              ; 00:01:55                           ;
; Fitter               ; 00:00:45     ; 1.5                     ; 1744 MB             ; 00:01:21                           ;
; Assembler            ; 00:00:06     ; 1.0                     ; 559 MB              ; 00:00:05                           ;
; Timing Analyzer      ; 00:00:09     ; 2.5                     ; 754 MB              ; 00:00:16                           ;
; EDA Netlist Writer   ; 00:00:07     ; 1.0                     ; 588 MB              ; 00:00:07                           ;
; Total                ; 00:02:42     ; --                      ; --                  ; 00:03:44                           ;
+----------------------+--------------+-------------------------+---------------------+------------------------------------+


+-----------------------------------------------------------------------------------+
; Flow OS Summary                                                                   ;
+----------------------+------------------+-----------+------------+----------------+
; Module Name          ; Machine Hostname ; OS Name   ; OS Version ; Processor type ;
+----------------------+------------------+-----------+------------+----------------+
; Analysis & Synthesis ; VHDLING2-PC      ; Windows 7 ; 6.1        ; x86_64         ;
; Fitter               ; VHDLING2-PC      ; Windows 7 ; 6.1        ; x86_64         ;
; Assembler            ; VHDLING2-PC      ; Windows 7 ; 6.1        ; x86_64         ;
; Timing Analyzer      ; VHDLING2-PC      ; Windows 7 ; 6.1        ; x86_64         ;
; EDA Netlist Writer   ; VHDLING2-PC      ; Windows 7 ; 6.1        ; x86_64         ;
+----------------------+------------------+-----------+------------+----------------+


------------
; Flow Log ;
------------
quartus_map --read_settings_files=on --write_settings_files=off LED_ON -c LED_ON
quartus_fit --read_settings_files=off --write_settings_files=off LED_ON -c LED_ON
quartus_asm --read_settings_files=off --write_settings_files=off LED_ON -c LED_ON
quartus_sta LED_ON -c LED_ON
quartus_eda --read_settings_files=off --write_settings_files=off LED_ON -c LED_ON



